<?xml version="1.0" encoding="UTF-8"?>
<!-- Generated by org.testng.reporters.JUnitReportReporter -->
<testsuite hostname="LIN41005192" failures="0" tests="2" name="testrunner.Ex03_Excel" time="143.890" errors="0" timestamp="2023-06-07T17:33:42 IST" skipped="0">
  <testcase classname="testrunner.Ex03_Excel" name="runScenario" time="72.750"/>
  <system-out/>
  <testcase classname="testrunner.Ex03_Excel" name="runScenario" time="71.140"/>
  <system-out/>
</testsuite> <!-- testrunner.Ex03_Excel -->
