<?xml version="1.0" encoding="UTF-8"?>
<!-- Generated by org.testng.reporters.JUnitReportReporter -->
<testsuite hostname="LIN41005192" failures="0" tests="2" name="testrunner.Ex03_Excel" time="129.525" errors="0" timestamp="2023-06-08T14:05:52 IST" skipped="0">
  <testcase classname="testrunner.Ex03_Excel" name="runScenario" time="66.503"/>
  <system-out/>
  <testcase classname="testrunner.Ex03_Excel" name="runScenario" time="63.022"/>
  <system-out/>
</testsuite> <!-- testrunner.Ex03_Excel -->
