<?xml version="1.0" encoding="UTF-8"?>
<!-- Generated by org.testng.reporters.JUnitReportReporter -->
<testsuite hostname="LIN41005192" failures="0" tests="4" name="testrunner.AddToCart_Test_runner" time="0.228" errors="4" timestamp="2023-06-01T12:30:56 IST" skipped="0">
  <testcase classname="testrunner.AddToCart_Test_runner" name="runScenario" time="0.014">
    <error message="Cannot invoke &quot;String.hashCode()&quot; because &quot;browser&quot; is null" type="java.lang.NullPointerException">
      <![CDATA[java.lang.NullPointerException: Cannot invoke "String.hashCode()" because "browser" is null
at com.utility.Utility.launchingBrowser(Utility.java:25)
at apphooks.ApplicationHooks.launchBrowser(ApplicationHooks.java:16)
]]>
    </error>
  </testcase> <!-- runScenario -->
  <system-out/>
  <testcase classname="testrunner.AddToCart_Test_runner" name="runScenario" time="0.024">
    <error message="Cannot invoke &quot;String.hashCode()&quot; because &quot;browser&quot; is null" type="java.lang.NullPointerException">
      <![CDATA[java.lang.NullPointerException: Cannot invoke "String.hashCode()" because "browser" is null
at com.utility.Utility.launchingBrowser(Utility.java:25)
at apphooks.ApplicationHooks.launchBrowser(ApplicationHooks.java:16)
]]>
    </error>
  </testcase> <!-- runScenario -->
  <system-out/>
  <testcase classname="testrunner.AddToCart_Test_runner" name="runScenario" time="0.176">
    <error message="Cannot invoke &quot;String.hashCode()&quot; because &quot;browser&quot; is null" type="java.lang.NullPointerException">
      <![CDATA[java.lang.NullPointerException: Cannot invoke "String.hashCode()" because "browser" is null
at com.utility.Utility.launchingBrowser(Utility.java:25)
at apphooks.ApplicationHooks.launchBrowser(ApplicationHooks.java:16)
]]>
    </error>
  </testcase> <!-- runScenario -->
  <system-out/>
  <testcase classname="testrunner.AddToCart_Test_runner" name="runScenario" time="0.014">
    <error message="Cannot invoke &quot;String.hashCode()&quot; because &quot;browser&quot; is null" type="java.lang.NullPointerException">
      <![CDATA[java.lang.NullPointerException: Cannot invoke "String.hashCode()" because "browser" is null
at com.utility.Utility.launchingBrowser(Utility.java:25)
at apphooks.ApplicationHooks.launchBrowser(ApplicationHooks.java:16)
]]>
    </error>
  </testcase> <!-- runScenario -->
  <system-out/>
</testsuite> <!-- testrunner.AddToCart_Test_runner -->
